2019-02-06 14:44:05,337 INFO  [main] sirius - Java HotSpot(TM) 64-Bit Server VM (1.8, Oracle Corporation, 25.201-b09)
2019-02-06 14:44:05,396 INFO  [main] sirius - Windows 7 (6.1) on 4 CPUs (amd64)
2019-02-06 14:44:05,396 INFO  [main] sirius - ---------------------------------------------------------
2019-02-06 14:44:05,396 INFO  [main] sirius - System is STARTING...
2019-02-06 14:44:05,396 INFO  [main] sirius - ---------------------------------------------------------
2019-02-06 14:44:05,396 INFO  [main] sirius - Loading config...
2019-02-06 14:44:05,396 INFO  [main] sirius - ---------------------------------------------------------
2019-02-06 14:44:05,491 INFO  [main] sirius - using application.conf from classpath...
2019-02-06 14:44:05,552 INFO  [main] sirius - instance.conf not present work in directory
2019-02-06 14:44:05,553 INFO  [main] sirius - ---------------------------------------------------------
2019-02-06 14:44:05,553 INFO  [main] sirius - Starting the system...
2019-02-06 14:44:05,553 INFO  [main] sirius - ---------------------------------------------------------
2019-02-06 14:44:05,702 INFO  [main] sirius - Initializing the log system:
2019-02-06 14:44:05,704 INFO  [main] sirius - * Setting velocity to: WARN
2019-02-06 14:44:05,704 INFO  [main] sirius - * Setting ignored to: OFF
2019-02-06 14:44:05,705 INFO  [main] sirius - Enabled 3 of 3 frameworks...
2019-02-06 14:44:05,705 INFO  [main] sirius - Active Customizations: []
2019-02-06 14:44:05,806 INFO  [main] di - Initializing the MicroKernel....
2019-02-06 14:44:05,806 INFO  [main] di - ~ Scanning .class files...
2019-02-06 14:44:06,467 INFO  [main] di - ~ Applying 1 class load actions on 379 classes...
2019-02-06 14:44:06,657 INFO  [main] di - ~ Initializing static parts-references...
2019-02-06 14:44:06,939 INFO  [main] di - ~ Initializing parts...
2019-02-06 14:44:06,973 INFO  [default-0] sirius - Starting: tasks (Async Execution Engine)
2019-02-06 14:44:06,978 INFO  [default-1] sirius - Starting: crunchlog-writeback
2019-02-06 14:44:06,979 INFO  [default-2] sirius - Starting: Rythm-Engine
2019-02-06 14:44:07,302 INFO  [default-3] sirius - Starting: web (netty HTTP Server)
2019-02-06 14:44:07,302 INFO  [default-3] web - Initializing netty at port 9444
2019-02-06 14:44:07,742 INFO  [default-4] sirius - Starting: Cluster
2019-02-06 14:44:07,746 INFO  [default-5] sirius - Starting: timer (System Timer Services)
2019-02-06 14:44:07,748 INFO  [main] sirius - ---------------------------------------------------------
2019-02-06 14:44:07,748 INFO  [main] sirius - System is UP and RUNNING - 2 Seconds, 497 Milliseconds
2019-02-06 14:44:07,748 INFO  [main] sirius - ---------------------------------------------------------
2019-02-06 14:44:19,329 INFO  [default-6] sigar - The maximal number of open files on this system is good (-1, Required are at least: 65536)
2019-02-06 14:44:26,131 INFO  [web-mvc-0] resources - Base directory: 'data/resources' (C:\Users\Lu@n Luc@s\Documents\FATEC\Programas\s3ninja\data\resources) for local templates does not exist. Will check every minute...
2019-02-06 17:44:18,415 INFO  [timer-0] crunchlog - Crunchlog writes to: C:\Users\Lu@n Luc@s\Documents\FATEC\Programas\s3ninja\data\crunchlog
2019-02-06 17:44:18,422 WARN  [timer-0] crunchlog - Crunchlog was stopped as the base directory: C:\Users\Lu@n Luc@s\Documents\FATEC\Programas\s3ninja\data\crunchlog does not exist!
